<?xml version="1.0" encoding="UTF-8"?>
<!-- Generated by org.testng.reporters.JUnitReportReporter -->
<testsuite hostname="VICKY" name="com.qa.test.demoTest1" tests="2" failures="0" timestamp="10 Sep 2019 17:46:52 GMT" time="0.002" errors="0">
  <testcase name="testGmail1" time="0.002" classname="com.qa.test.demoTest1"/>
  <testcase name="testFB1" time="0.000" classname="com.qa.test.demoTest1"/>
</testsuite> <!-- com.qa.test.demoTest1 -->
