<?xml version="1.0" encoding="UTF-8"?>
<!-- Generated by org.testng.reporters.JUnitReportReporter -->
<testsuite hostname="VICKY" name="com.qa.test.demoTest" tests="2" failures="0" timestamp="10 Sep 2019 17:46:51 GMT" time="0.026" errors="0">
  <testcase name="testGmail" time="0.001" classname="com.qa.test.demoTest"/>
  <testcase name="testFB" time="0.025" classname="com.qa.test.demoTest"/>
</testsuite> <!-- com.qa.test.demoTest -->
