<?xml version="1.0" encoding="UTF-8"?>
<!-- Generated by org.testng.reporters.JUnitReportReporter -->
<testsuite hostname="VICKY" name="com.qa.test.demoTest2" tests="2" failures="0" timestamp="10 Sep 2019 17:46:52 GMT" time="0.002" errors="0">
  <testcase name="testFB2" time="0.001" classname="com.qa.test.demoTest2"/>
  <testcase name="testGmail2" time="0.001" classname="com.qa.test.demoTest2"/>
</testsuite> <!-- com.qa.test.demoTest2 -->
