<?xml version="1.0" encoding="UTF-8"?>
<!-- Generated by org.testng.reporters.JUnitReportReporter -->
<testsuite hostname="VICKY" name="com.qa.test.demoTest2" tests="2" failures="0" timestamp="22 Nov 2018 19:13:14 GMT" time="0.000" errors="0">
  <testcase name="testFB2" time="0.000" classname="com.qa.test.demoTest2"/>
  <testcase name="testGmail2" time="0.000" classname="com.qa.test.demoTest2"/>
</testsuite> <!-- com.qa.test.demoTest2 -->
