<?xml version="1.0" encoding="UTF-8"?>
<!-- Generated by org.testng.reporters.JUnitReportReporter -->
<testsuite hostname="VICKY" name="com.qa.test.loginTest" tests="2" failures="0" timestamp="22 Nov 2018 19:13:14 GMT" time="29.842" errors="0">
  <testcase name="getFreeCrmTitleTest" time="16.002" classname="com.qa.test.loginTest"/>
  <testcase name="getLogoTest" time="13.840" classname="com.qa.test.loginTest"/>
</testsuite> <!-- com.qa.test.loginTest -->
