<?xml version="1.0" encoding="UTF-8"?>
<!-- Generated by org.testng.reporters.JUnitReportReporter -->
<testsuite hostname="VICKY" name="com.qa.test.demoTest1" tests="2" failures="0" timestamp="22 Nov 2018 19:13:14 GMT" time="0.002" errors="0">
  <testcase name="testFB1" time="0.001" classname="com.qa.test.demoTest1"/>
  <testcase name="testGmail1" time="0.001" classname="com.qa.test.demoTest1"/>
</testsuite> <!-- com.qa.test.demoTest1 -->
