<?xml version="1.0" encoding="UTF-8"?>
<!-- Generated by org.testng.reporters.JUnitReportReporter -->
<testsuite hostname="VICKY" name="com.qa.test.demoTest" tests="2" failures="0" timestamp="22 Nov 2018 19:13:14 GMT" time="0.013" errors="0">
  <testcase name="testFB" time="0.012" classname="com.qa.test.demoTest"/>
  <testcase name="testGmail" time="0.001" classname="com.qa.test.demoTest"/>
</testsuite> <!-- com.qa.test.demoTest -->
